<?xml version="1.0" encoding="UTF-8"?>
<testsuite xmlns:xsi="http://www.w3.org/2001/XMLSchema-instance" xsi:noNamespaceSchemaLocation="https://maven.apache.org/surefire/maven-surefire-plugin/xsd/surefire-test-report.xsd" name="group54.microservices.app.AppTest" time="0.135" tests="1" errors="0" skipped="0" failures="0">
  <properties>
    <property name="java.specification.version" value="17"/>
    <property name="sun.cpu.isalist" value="amd64"/>
    <property name="sun.jnu.encoding" value="Cp1253"/>
    <property name="java.class.path" value="C:\Users\HP Prodesk 600 G1\OneDrive\Software Engineering\Microservices\app\target\test-classes;C:\Users\HP Prodesk 600 G1\OneDrive\Software Engineering\Microservices\app\target\classes;C:\Users\HP Prodesk 600 G1\.m2\repository\junit\junit\4.11\junit-4.11.jar;C:\Users\HP Prodesk 600 G1\.m2\repository\org\hamcrest\hamcrest-core\1.3\hamcrest-core-1.3.jar;"/>
    <property name="java.vm.vendor" value="Eclipse Adoptium"/>
    <property name="sun.arch.data.model" value="64"/>
    <property name="user.variant" value=""/>
    <property name="java.vendor.url" value="https://adoptium.net/"/>
    <property name="user.timezone" value="Europe/Paris"/>
    <property name="os.name" value="Windows 10"/>
    <property name="java.vm.specification.version" value="17"/>
    <property name="sun.java.launcher" value="SUN_STANDARD"/>
    <property name="user.country" value="US"/>
    <property name="sun.boot.library.path" value="C:\Program Files\Eclipse Adoptium\jdk-17.0.7.7-hotspot\bin"/>
    <property name="sun.java.command" value="C:\Users\HPPROD~1\AppData\Local\Temp\surefire12066866664519578561\surefirebooter15634407082139600715.jar C:\Users\HP Prodesk 600 G1\AppData\Local\Temp\surefire12066866664519578561 2023-05-28T03-40-28_903-jvmRun1 surefire5488111275674039761tmp surefire_05052163619127251194tmp"/>
    <property name="jdk.debug" value="release"/>
    <property name="surefire.test.class.path" value="C:\Users\HP Prodesk 600 G1\OneDrive\Software Engineering\Microservices\app\target\test-classes;C:\Users\HP Prodesk 600 G1\OneDrive\Software Engineering\Microservices\app\target\classes;C:\Users\HP Prodesk 600 G1\.m2\repository\junit\junit\4.11\junit-4.11.jar;C:\Users\HP Prodesk 600 G1\.m2\repository\org\hamcrest\hamcrest-core\1.3\hamcrest-core-1.3.jar;"/>
    <property name="sun.cpu.endian" value="little"/>
    <property name="user.home" value="C:\Users\HP Prodesk 600 G1"/>
    <property name="user.language" value="en"/>
    <property name="java.specification.vendor" value="Oracle Corporation"/>
    <property name="java.version.date" value="2023-04-18"/>
    <property name="java.home" value="C:\Program Files\Eclipse Adoptium\jdk-17.0.7.7-hotspot"/>
    <property name="file.separator" value="\"/>
    <property name="basedir" value="C:\Users\HP Prodesk 600 G1\OneDrive\Software Engineering\Microservices\app"/>
    <property name="java.vm.compressedOopsMode" value="Zero based"/>
    <property name="line.separator" value="&#10;"/>
    <property name="java.vm.specification.vendor" value="Oracle Corporation"/>
    <property name="java.specification.name" value="Java Platform API Specification"/>
    <property name="surefire.real.class.path" value="C:\Users\HPPROD~1\AppData\Local\Temp\surefire12066866664519578561\surefirebooter15634407082139600715.jar"/>
    <property name="user.script" value=""/>
    <property name="sun.management.compiler" value="HotSpot 64-Bit Tiered Compilers"/>
    <property name="java.runtime.version" value="17.0.7+7"/>
    <property name="user.name" value="HP Prodesk 600 G1"/>
    <property name="path.separator" value=";"/>
    <property name="os.version" value="10.0"/>
    <property name="java.runtime.name" value="OpenJDK Runtime Environment"/>
    <property name="file.encoding" value="Cp1253"/>
    <property name="java.vm.name" value="OpenJDK 64-Bit Server VM"/>
    <property name="java.vendor.version" value="Temurin-17.0.7+7"/>
    <property name="localRepository" value="C:\Users\HP Prodesk 600 G1\.m2\repository"/>
    <property name="java.vendor.url.bug" value="https://github.com/adoptium/adoptium-support/issues"/>
    <property name="java.io.tmpdir" value="C:\Users\HPPROD~1\AppData\Local\Temp\"/>
    <property name="java.version" value="17.0.7"/>
    <property name="user.dir" value="C:\Users\HP Prodesk 600 G1\OneDrive\Software Engineering\Microservices\app"/>
    <property name="os.arch" value="amd64"/>
    <property name="java.vm.specification.name" value="Java Virtual Machine Specification"/>
    <property name="sun.os.patch.level" value=""/>
    <property name="native.encoding" value="Cp1253"/>
    <property name="java.library.path" value="C:\Program Files\Eclipse Adoptium\jdk-17.0.7.7-hotspot\bin;C:\Windows\Sun\Java\bin;C:\Windows\system32;C:\Windows;C:\Program Files (x86)\Common Files\Oracle\Java\javapath;C:\Program Files\Eclipse Adoptium\jdk-17.0.7.7-hotspot\bin;C:\Windows\system32;C:\Windows;C:\Windows\System32\Wbem;C:\Windows\System32\WindowsPowerShell\v1.0\;C:\Windows\System32\OpenSSH\;C:\Program Files (x86)\dotnet\;C:\Program Files (x86)\Git\cmd;C:\Program Files\MATLAB\R2023a\bin;C:\Users\HP Prodesk 600 G1\Downloads\apache-maven-3.9.2-bin\apache-maven-3.9.2\bin;C:\Users\HP Prodesk 600 G1\AppData\Local\Programs\Python\Python310-32\Scripts\;C:\Users\HP Prodesk 600 G1\AppData\Local\Programs\Python\Python310-32\;C:\Users\HP Prodesk 600 G1\AppData\Local\Microsoft\WindowsApps;C:\Users\HP Prodesk 600 G1\AppData\Local\GitHubDesktop\bin;C:\Users\HP Prodesk 600 G1\OneDrive\gradle\gradle-8.1\bin;C:\Users\HP Prodesk 600 G1\AppData\Local\Programs\Microsoft VS Code\bin;."/>
    <property name="java.vm.info" value="mixed mode, sharing"/>
    <property name="java.vendor" value="Eclipse Adoptium"/>
    <property name="java.vm.version" value="17.0.7+7"/>
    <property name="sun.io.unicode.encoding" value="UnicodeLittle"/>
    <property name="java.class.version" value="61.0"/>
  </properties>
  <testcase name="shouldAnswerWithTrue" classname="group54.microservices.app.AppTest" time="0.004"/>
</testsuite>